  Action.inl
  Debug.cpp
  DummyEntity.cpp
  Entity.cpp
C:\Users\BN\Documents\DEV\IA_Rugby\IA_Rugby\PVZ\Entity.cpp(92,61): warning C4244: 'argument' : conversion de 'T' en 'int', perte possible de données
          with
          [
              T=float
          ]
C:\Users\BN\Documents\DEV\IA_Rugby\IA_Rugby\PVZ\Entity.cpp(92,49): warning C4244: 'argument' : conversion de 'T' en 'int', perte possible de données
          with
          [
              T=float
          ]
C:\Users\BN\Documents\DEV\IA_Rugby\IA_Rugby\PVZ\Entity.cpp(131,60): warning C4244: 'argument' : conversion de 'T' en 'int', perte possible de données
          with
          [
              T=float
          ]
C:\Users\BN\Documents\DEV\IA_Rugby\IA_Rugby\PVZ\Entity.cpp(131,48): warning C4244: 'argument' : conversion de 'T' en 'int', perte possible de données
          with
          [
              T=float
          ]
C:\Users\BN\Documents\DEV\IA_Rugby\IA_Rugby\PVZ\Entity.cpp(163,57): warning C4244: 'argument' : conversion de 'T' en 'float', perte possible de données
          with
          [
              T=int
          ]
C:\Users\BN\Documents\DEV\IA_Rugby\IA_Rugby\PVZ\Entity.cpp(163,37): warning C4244: 'argument' : conversion de 'T' en 'float', perte possible de données
          with
          [
              T=int
          ]
C:\Users\BN\Documents\DEV\IA_Rugby\IA_Rugby\PVZ\Entity.cpp(169,52): warning C4244: 'argument' : conversion de 'T' en 'float', perte possible de données
          with
          [
              T=int
          ]
C:\Users\BN\Documents\DEV\IA_Rugby\IA_Rugby\PVZ\Entity.cpp(169,32): warning C4244: 'argument' : conversion de 'T' en 'float', perte possible de données
          with
          [
              T=int
          ]
  GameManager.cpp
  main.cpp
  PlantCondition.cpp
  Plant.cpp
  PlantAction.cpp
  Projectile.cpp
  SampleScene.cpp
C:\Users\BN\Documents\DEV\IA_Rugby\IA_Rugby\PVZ\SampleScene.cpp(42,27): warning C4244: 'argument' : conversion de 'int' en 'float', perte possible de données
C:\Users\BN\Documents\DEV\IA_Rugby\IA_Rugby\PVZ\SampleScene.cpp(42,24): warning C4244: 'argument' : conversion de 'int' en 'float', perte possible de données
  Scene.cpp
  Zombie.cpp
  PVZScene.cpp
C:\Users\BN\Documents\DEV\IA_Rugby\IA_Rugby\PVZ\PVZScene.cpp(29,12): warning C4244: 'initialisation' : conversion de 'float' en 'int', perte possible de données
C:\Users\BN\Documents\DEV\IA_Rugby\IA_Rugby\PVZ\PVZScene.cpp(30,12): warning C4244: 'initialisation' : conversion de 'float' en 'int', perte possible de données
C:\Users\BN\Documents\DEV\IA_Rugby\IA_Rugby\PVZ\PVZScene.cpp(32,12): warning C4244: 'initialisation' : conversion de 'float' en 'int', perte possible de données
C:\Users\BN\Documents\DEV\IA_Rugby\IA_Rugby\PVZ\PVZScene.cpp(46,79): warning C4244: 'argument' : conversion de 'int' en 'float', perte possible de données
C:\Users\BN\Documents\DEV\IA_Rugby\IA_Rugby\PVZ\PVZScene.cpp(46,56): warning C4244: 'argument' : conversion de 'int' en 'float', perte possible de données
C:\Users\BN\Documents\DEV\IA_Rugby\IA_Rugby\PVZ\PVZScene.cpp(46,39): warning C4244: 'argument' : conversion de 'const int' en 'float', perte possible de données
C:\Users\BN\Documents\DEV\IA_Rugby\IA_Rugby\PVZ\PVZScene.cpp(46,28): warning C4244: 'argument' : conversion de 'const int' en 'float', perte possible de données
C:\Users\BN\Documents\DEV\IA_Rugby\IA_Rugby\PVZ\PVZScene.cpp(78,44): warning C4244: 'argument' : conversion de 'int' en 'float', perte possible de données
C:\Users\BN\Documents\DEV\IA_Rugby\IA_Rugby\PVZ\PVZScene.cpp(78,40): warning C4244: 'argument' : conversion de 'const int' en 'float', perte possible de données
  Utils.cpp
C:\Users\BN\Documents\DEV\IA_Rugby\IA_Rugby\PVZ\Utils.cpp(27,19): warning C4244: 'return' : conversion de 'double' en 'float', perte possible de données
C:\Users\BN\Documents\DEV\IA_Rugby\IA_Rugby\PVZ\Utils.cpp(35,37): warning C4244: 'return' : conversion de 'double' en 'float', perte possible de données
  Génération de code en cours...
  PVZ.vcxproj -> C:\Users\BN\Documents\DEV\IA_Rugby\IA_Rugby\x64\Debug\PVZ.exe
